0 info it worked if it ends with ok
1 verbose cli [ '/usr/bin/nodejs', '/usr/bin/npm', 'run', 'deploy-wiki' ]
2 info using npm@4.1.2
3 info using node@v7.5.0
4 verbose run-script [ 'predeploy-wiki', 'deploy-wiki', 'postdeploy-wiki' ]
5 info lifecycle gitbook-boilerplate@0.0.1~predeploy-wiki: gitbook-boilerplate@0.0.1
6 silly lifecycle gitbook-boilerplate@0.0.1~predeploy-wiki: no script for predeploy-wiki, continuing
7 info lifecycle gitbook-boilerplate@0.0.1~deploy-wiki: gitbook-boilerplate@0.0.1
8 verbose lifecycle gitbook-boilerplate@0.0.1~deploy-wiki: unsafe-perm in lifecycle true
9 verbose lifecycle gitbook-boilerplate@0.0.1~deploy-wiki: PATH: /usr/lib/node_modules/npm/bin/node-gyp-bin:/home/usuario/PL/primeros-pasos-en-nodejs-eduardo-guillermo-oscar-sergio/node_modules/.bin:/usr/local/sbin:/usr/local/bin:/usr/sbin:/usr/bin:/sbin:/bin:/usr/games:/usr/local/games
10 verbose lifecycle gitbook-boilerplate@0.0.1~deploy-wiki: CWD: /home/usuario/PL/primeros-pasos-en-nodejs-eduardo-guillermo-oscar-sergio
11 silly lifecycle gitbook-boilerplate@0.0.1~deploy-wiki: Args: [ '-c', './scripts/losh deploy-wiki' ]
12 silly lifecycle gitbook-boilerplate@0.0.1~deploy-wiki: Returned: code: 128  signal: null
13 info lifecycle gitbook-boilerplate@0.0.1~deploy-wiki: Failed to exec deploy-wiki script
14 verbose stack Error: gitbook-boilerplate@0.0.1 deploy-wiki: `./scripts/losh deploy-wiki`
14 verbose stack Exit status 128
14 verbose stack     at EventEmitter.<anonymous> (/usr/lib/node_modules/npm/lib/utils/lifecycle.js:279:16)
14 verbose stack     at emitTwo (events.js:106:13)
14 verbose stack     at EventEmitter.emit (events.js:192:7)
14 verbose stack     at ChildProcess.<anonymous> (/usr/lib/node_modules/npm/lib/utils/spawn.js:40:14)
14 verbose stack     at emitTwo (events.js:106:13)
14 verbose stack     at ChildProcess.emit (events.js:192:7)
14 verbose stack     at maybeClose (internal/child_process.js:890:16)
14 verbose stack     at Process.ChildProcess._handle.onexit (internal/child_process.js:226:5)
15 verbose pkgid gitbook-boilerplate@0.0.1
16 verbose cwd /home/usuario/PL/primeros-pasos-en-nodejs-eduardo-guillermo-oscar-sergio/scripts
17 error Linux 4.4.0-38-generic
18 error argv "/usr/bin/nodejs" "/usr/bin/npm" "run" "deploy-wiki"
19 error node v7.5.0
20 error npm  v4.1.2
21 error code ELIFECYCLE
22 error gitbook-boilerplate@0.0.1 deploy-wiki: `./scripts/losh deploy-wiki`
22 error Exit status 128
23 error Failed at the gitbook-boilerplate@0.0.1 deploy-wiki script './scripts/losh deploy-wiki'.
23 error Make sure you have the latest version of node.js and npm installed.
23 error If you do, this is most likely a problem with the gitbook-boilerplate package,
23 error not with npm itself.
23 error Tell the author that this fails on your system:
23 error     ./scripts/losh deploy-wiki
23 error You can get information on how to open an issue for this project with:
23 error     npm bugs gitbook-boilerplate
23 error Or if that isn't available, you can get their info via:
23 error     npm owner ls gitbook-boilerplate
23 error There is likely additional logging output above.
24 verbose exit [ 1, true ]
